# stats: dump at 1636738749
stats: users 4 4
stats: {freemem,"tsung_controller@ip-172-31-63-131"} 1 702.22265625 0 702.22265625 702.22265625 0 0
stats: {load,"tsung_controller@ip-172-31-63-131"} 1 0.0 0 0.0 0.0 0 0
stats: {cpu,"tsung_controller@ip-172-31-63-131"} 1 3.3922067211875477 0 3.3922067211875477 3.3922067211875477 0 0
stats: session 6 1087.5148333333334 978.6766339926272 3046.61 171.735 0 0
stats: users_count 10 10
stats: finish_users_count 6 6
stats: request 40 37.712875 38.75560569400736 137.222 5.86 0 0
stats: page 15 100.29466666666664 46.07659534393669 186.131 47.067 0 0
stats: connect 10 3.9882999999999997 7.83513982070518 27.492 1.266 0 0
stats: 302 6 6
stats: 200 34 34
stats: size_rcv 1001761 1001761
stats: newphase 1 1
stats: size_sent 18126 18126
stats: connected 4 4
# stats: dump at 1636738759
stats: users 10 14
stats: {freemem,"tsung_controller@ip-172-31-63-131"} 1 700.55859375 0.0 702.22265625 700.55859375 702.22265625 1
stats: {load,"tsung_controller@ip-172-31-63-131"} 1 0.0 0.0 0.0 0.0 0.0 1
stats: {cpu,"tsung_controller@ip-172-31-63-131"} 1 0.40040040040040037 0.0 3.3922067211875477 0.40040040040040037 3.3922067211875477 1
stats: session 29 2189.591344827586 1575.391555708158 8378.454 171.735 1087.5148333333334 6
stats: users_count 35 45
stats: finish_users_count 29 35
stats: request 153 26.841732026143784 29.896658455377104 195.308 5.635 37.712875 40
stats: connect 33 1.425939393939394 0.3247720822635692 27.492 1.098 3.9882999999999997 10
stats: page 60 68.67131666666668 36.57007187053901 214.873 41.018 100.29466666666664 15
stats: 302 26 32
stats: 200 127 161
stats: size_rcv 4248908 5250669
stats: newphase 2 3
stats: size_sent 70269 88395
stats: connected 7 11
# stats: dump at 1636738769
stats: users 1 14
stats: {freemem,"tsung_controller@ip-172-31-63-131"} 1 691.5 0.0 702.22265625 691.5 701.390625 2
stats: {load,"tsung_controller@ip-172-31-63-131"} 1 0.0 0.0 0.0 0.0 0.0 2
stats: {cpu,"tsung_controller@ip-172-31-63-131"} 1 1.195814648729447 0.0 3.3922067211875477 0.40040040040040037 1.896303560793974 2
stats: session 29 2524.2634137931036 2425.8832758637873 8690.142 171.735 2000.6639428571423 35
stats: users_count 20 65
stats: finish_users_count 29 64
stats: request 130 27.537076923076917 24.23324947689574 195.308 5.212 29.09481865284974 193
stats: connect 22 1.2931363636363635 0.2130873264126376 27.492 1.018 2.0218372093023254 43
stats: page 54 66.39235185185184 22.156731973523765 214.873 41.018 74.99598666666667 75
stats: 302 32 64
stats: 200 98 259
stats: size_rcv 4210279 9460948
stats: newphase 0 3
stats: size_sent 66338 154733
stats: connected -10 1
# stats: dump at 1636738772
stats: users 0 14
stats: {freemem,"tsung_controller@ip-172-31-63-131"} 1 688.9375 0.0 702.22265625 688.9375 698.09375 3
stats: {load,"tsung_controller@ip-172-31-63-131"} 1 0.0 0.0 0.0 0.0 0.0 3
stats: {cpu,"tsung_controller@ip-172-31-63-131"} 1 1.4992503748125936 0.0 3.3922067211875477 0.40040040040040037 1.6628072567724648 3
stats: session 1 8658.492 0.0 8690.142 171.735 2237.9199531249997 64
stats: users_count 0 65
stats: finish_users_count 1 65
stats: request 2 45.759 34.458 195.308 5.212 28.46786377708978 323
stats: connect 0 0 0 27.492 1.018 1.7752 65
stats: page 1 91.58 0.0 214.873 41.018 71.39446511627906 129
stats: 302 1 65
stats: 200 1 260
stats: size_rcv 80934 9541882
stats: newphase 0 3
stats: size_sent 1341 156074
stats: connected -1 0
EndMonitor:{1636,738772,438676}
