# stats: dump at 1636738864
stats: users 4 5
stats: {freemem,"tsung_controller@ip-172-31-63-131"} 1 701.39453125 0 701.39453125 701.39453125 0 0
stats: {load,"tsung_controller@ip-172-31-63-131"} 1 0.0 0 0.0 0.0 0 0
stats: {cpu,"tsung_controller@ip-172-31-63-131"} 1 2.748306409588327 0 2.748306409588327 2.748306409588327 0 0
stats: session 8 899.1075000000001 733.034833322742 2459.675 147.515 0 0
stats: users_count 12 12
stats: finish_users_count 8 8
stats: request 48 29.18347916666667 26.776499513713503 116.275 5.572 0 0
stats: connect 12 3.12575 4.238596075058345 16.396 1.187 0 0
stats: page 18 77.54455555555553 24.82972356811763 153.091 53.379 0 0
stats: 302 7 7
stats: 200 41 41
stats: size_rcv 1544968 1544968
stats: newphase 1 1
stats: size_sent 22275 22275
stats: connected 5 5
# stats: dump at 1636738874
stats: users 17 20
stats: {freemem,"tsung_controller@ip-172-31-63-131"} 1 699.109375 0.0 701.39453125 699.109375 701.39453125 1
stats: {load,"tsung_controller@ip-172-31-63-131"} 1 0.0 0.0 0.0 0.0 0.0 1
stats: {cpu,"tsung_controller@ip-172-31-63-131"} 1 0.3003003003003003 0.0 2.748306409588327 0.3003003003003003 2.748306409588327 1
stats: session 40 1346.6747999999998 945.9956693420218 3882.541 147.515 899.1075000000001 8
stats: users_count 53 65
stats: finish_users_count 40 48
stats: request 225 30.668755555555574 29.31973342409931 126.437 5.264 29.18347916666667 48
stats: connect 49 1.5664693877551024 0.9687776034680291 16.396 1.068 3.12575 12
stats: page 88 78.6219772727273 31.290006280315932 243.273 51.628 77.54455555555553 18
stats: 302 38 45
stats: 200 187 228
stats: size_rcv 8102076 9647044
stats: newphase 2 3
stats: size_sent 103315 125590
stats: connected 11 16
# stats: dump at 1636738884
stats: users 1 20
stats: {freemem,"tsung_controller@ip-172-31-63-131"} 1 688.625 0.0 701.39453125 688.625 700.251953125 2
stats: {load,"tsung_controller@ip-172-31-63-131"} 1 0.0 0.0 0.0 0.0 0.0 2
stats: {cpu,"tsung_controller@ip-172-31-63-131"} 1 1.245019920318725 0.0 2.748306409588327 0.3003003003003003 1.5243033549443137 2
stats: session 26 3030.634076923076 2363.9349939237222 8640.256 147.515 1272.0802499999998 48
stats: users_count 10 75
stats: finish_users_count 26 74
stats: request 100 31.55191000000001 26.45181841730167 126.437 5.264 30.407608058608073 273
stats: connect 14 1.3996428571428574 0.32155550668205185 16.396 1.068 1.8732131147540987 61
stats: page 43 73.4818139534884 18.88794944396943 243.273 51.628 78.43901886792456 106
stats: 302 29 74
stats: 200 71 299
stats: size_rcv 4279686 13926730
stats: newphase 0 3
stats: size_sent 53259 178849
stats: connected -15 1
# stats: dump at 1636738891
stats: users 0 20
stats: {freemem,"tsung_controller@ip-172-31-63-131"} 1 697.796875 0.0 701.39453125 688.625 696.3763020833334 3
stats: {load,"tsung_controller@ip-172-31-63-131"} 1 0.0 0.0 0.0 0.0 0.0 3
stats: {cpu,"tsung_controller@ip-172-31-63-131"} 1 0.25012506253126565 0.0 2.748306409588327 0.25012506253126565 1.4312088767357842 3
stats: session 1 11836.986 0.0 11836.986 147.515 1889.950513513513 74
stats: users_count 0 75
stats: finish_users_count 1 75
stats: request 2 34.414 24.03 126.437 5.264 30.71439142091154 373
stats: connect 0 0 0 16.396 1.068 1.7848133333333336 75
stats: page 1 68.897 0.0 243.273 51.628 77.00841610738259 149
stats: 302 1 75
stats: 200 1 300
stats: size_rcv 102693 14029423
stats: newphase 0 3
stats: size_sent 1349 180198
stats: connected -1 0
EndMonitor:{1636,738891,810037}
