# stats: dump at 1636741667
stats: users 4 9
stats: {cpu,"tsung_controller@ip-172-31-56-84"} 1 2.94465208310432 0 2.94465208310432 2.94465208310432 0 0
stats: {load,"tsung_controller@ip-172-31-56-84"} 1 0.0 0 0.0 0.0 0 0
stats: {freemem,"tsung_controller@ip-172-31-56-84"} 1 701.9375 0 701.9375 701.9375 0 0
stats: session 6 2393.2308333333335 1937.304727013574 5728.724 306.131 0 0
stats: users_count 10 10
stats: finish_users_count 6 6
stats: request 39 50.18094871794871 53.635971965792876 228.45 6.068 0 0
stats: connect 10 2.6608 2.347470971066522 8.634 1.11 0 0
stats: page 14 139.2020714285714 61.39009989574202 243.23 64.814 0 0
stats: 302 5 5
stats: 200 34 34
stats: size_rcv 1782316 1782316
stats: size_sent 17263 17263
stats: connected 6 6
# stats: dump at 1636741677
stats: users 12 14
stats: {cpu,"tsung_controller@ip-172-31-56-84"} 1 0.35070140280561124 0.0 2.94465208310432 0.35070140280561124 2.94465208310432 1
stats: {load,"tsung_controller@ip-172-31-56-84"} 1 0.0 0.0 0.0 0.0 0.0 1
stats: {freemem,"tsung_controller@ip-172-31-56-84"} 1 700.546875 0.0 701.9375 700.546875 701.9375 1
stats: session 31 1938.8373870967741 1905.1684944406375 8871.628 304.335 2393.2308333333335 6
stats: users_count 39 49
stats: finish_users_count 31 37
stats: request 162 50.863314814814814 53.86981576185039 271.111 5.414 50.18094871794871 39
stats: connect 34 1.2763823529411766 0.3877018271138335 8.634 0.953 2.6608 10
stats: page 64 128.88929687499999 81.3165020693985 375.528 63.667 139.2020714285714 14
stats: 302 30 35
stats: 200 132 166
stats: size_rcv 8424730 10207046
stats: newphase 1 1
stats: size_sent 76206 93469
stats: connected 4 10
# stats: dump at 1636741687
stats: users 26 29
stats: {cpu,"tsung_controller@ip-172-31-56-84"} 1 1.0005002501250626 0.0 2.94465208310432 0.35070140280561124 1.6476767429549657 2
stats: {load,"tsung_controller@ip-172-31-56-84"} 1 0.0 0.0 0.0 0.0 0.0 2
stats: {freemem,"tsung_controller@ip-172-31-56-84"} 1 693.75390625 0.0 701.9375 693.75390625 701.2421875 2
stats: session 51 2459.359960784314 1418.043778199223 8871.628 281.083 2012.5228108108108 37
stats: users_count 65 114
stats: finish_users_count 51 88
stats: 302 52 87
stats: request 297 206.85750505050507 287.3720943212826 1859.401 5.414 50.730915422885566 201
stats: 200 245 411
stats: size_rcv 16535752 26742798
stats: connect 68 1.9049117647058822 1.6187790763711043 8.634 0.931 1.5910227272727275 44
stats: newphase 1 2
stats: size_sent 140957 234426
stats: page 115 534.0375391304349 573.2348959743751 2316.498 63.667 130.74030769230768 78
stats: connected 18 28
# stats: dump at 1636741697
stats: users 117 117
stats: {cpu,"tsung_controller@ip-172-31-56-84"} 1 1.6549648946840523 0.0 2.94465208310432 0.35070140280561124 1.431951245344998 3
stats: {load,"tsung_controller@ip-172-31-56-84"} 1 0.0 0.0 0.0 0.0 0.0 3
stats: {freemem,"tsung_controller@ip-172-31-56-84"} 1 684.92578125 0.0 701.9375 684.92578125 698.74609375 3
stats: session 57 3499.2534385964914 2179.961665352398 10953.947 259.27 2271.4852499999997 88
stats: users_count 148 262
stats: finish_users_count 57 145
stats: request 458 512.6204170305681 571.526175575941 2473.623 5.414 143.84255622489962 498
stats: connect 141 1.2218936170212762 0.29128545386444615 8.634 0.931 1.781598214285714 112
stats: 302 75 162
stats: page 150 1096.8868999999997 957.4265883663544 3669.691 63.667 371.0469481865286 193
stats: 200 384 795
stats: size_rcv 25696851 52439649
stats: newphase 1 3
stats: size_sent 236060 470486
stats: connected 83 111
# stats: dump at 1636741707
stats: users 54 131
stats: {cpu,"tsung_controller@ip-172-31-56-84"} 1 2.82258064516129 0.0 2.94465208310432 0.35070140280561124 1.4877046576797617 4
stats: {load,"tsung_controller@ip-172-31-56-84"} 1 0.0 0.0 0.0 0.0 0.0 4
stats: {freemem,"tsung_controller@ip-172-31-56-84"} 1 650.92578125 0.0 701.9375 650.92578125 695.291015625 4
stats: session 86 10333.815430232557 2439.3557222307763 17848.825 259.27 2754.1251586206895 145
stats: users_count 23 285
stats: finish_users_count 86 231
stats: 302 99 261
stats: request 386 2351.4338082901536 1052.9600286113066 4341.101 5.414 320.51646861924706 956
stats: connect 32 1.17553125 0.18260253701259876 8.634 0.931 1.4696679841897229 253
stats: page 168 5325.314279761903 1026.7878870352592 7530.946 63.667 688.4696676384839 343
stats: 200 287 1082
stats: size_rcv 29223513 81663162
stats: newphase 0 3
stats: size_sent 191466 661952
stats: connected -52 59
# stats: dump at 1636741714
stats: users 0 131
stats: {cpu,"tsung_controller@ip-172-31-56-84"} 1 2.162977867203219 0.0 2.94465208310432 0.35070140280561124 1.7546798551760674 5
stats: {load,"tsung_controller@ip-172-31-56-84"} 1 0.0 0.0 0.0 0.0 0.0 5
stats: {freemem,"tsung_controller@ip-172-31-56-84"} 1 660.81640625 0.0 701.9375 650.92578125 686.41796875 5
stats: session 54 12182.881166666668 1373.934825885476 17848.825 259.27 5576.0011904761905 231
stats: users_count 0 285
stats: finish_users_count 54 285
stats: 302 24 285
stats: 200 58 1140
stats: request 83 1864.4837710843376 778.297699791587 4341.101 5.414 904.6700402384497 1342
stats: size_rcv 11903243 93566405
stats: newphase 0 3
stats: connect 0 0 0 8.634 0.931 1.4366421052631577 285
stats: size_sent 22264 684216
stats: connected -59 0
stats: page 59 4035.415525423728 1209.7488371119043 7530.946 63.667 2212.911731898238 511
EndMonitor:{1636,741714,145586}
