# stats: dump at 1636741924
stats: users 3 8
stats: {cpu,"tsung_controller@ip-172-31-56-84"} 1 1.9234948049544076 0 1.9234948049544076 1.9234948049544076 0 0
stats: {load,"tsung_controller@ip-172-31-56-84"} 1 0.0 0 0.0 0.0 0 0
stats: {freemem,"tsung_controller@ip-172-31-56-84"} 1 700.35546875 0 700.35546875 700.35546875 0 0
stats: session 12 2106.4624999999996 704.244008567639 3112.496 986.148 0 0
stats: users_count 15 15
stats: finish_users_count 12 12
stats: page 27 158.60329629629635 43.75774832196585 275.885 97.721 0 0
stats: 302 12 12
stats: request 69 62.00689855072462 68.06794095738547 253.096 5.823 0 0
stats: 200 57 57
stats: connect 15 1.8188666666666664 1.460668653581487 5.733 1.164 0 0
stats: size_rcv 5674411 5674411
stats: size_sent 31931 31931
stats: connected 3 3
# stats: dump at 1636741934
stats: users 13 14
stats: {cpu,"tsung_controller@ip-172-31-56-84"} 1 0.6012024048096193 0.0 1.9234948049544076 0.6012024048096193 1.9234948049544076 1
stats: {load,"tsung_controller@ip-172-31-56-84"} 1 0.0 0.0 0.0 0.0 0.0 1
stats: {freemem,"tsung_controller@ip-172-31-56-84"} 1 698.2734375 0.0 700.35546875 698.2734375 700.35546875 1
stats: session 32 1832.92178125 1377.580134964472 5032.805 327.595 2106.4624999999996 12
stats: users_count 42 57
stats: finish_users_count 32 44
stats: request 172 62.93872674418604 69.52249956184323 345.121 5.359 62.00689855072462 69
stats: connect 39 1.3007179487179483 0.5217278959094973 5.733 0.961 1.8188666666666664 15
stats: page 66 163.31190909090913 70.74048486454217 358.372 96.784 158.60329629629635 27
stats: 302 30 42
stats: 200 143 200
stats: size_rcv 14287846 19962257
stats: newphase 1 1
stats: size_sent 80457 112388
stats: connected 10 13
# stats: dump at 1636741944
stats: users 27 28
stats: {cpu,"tsung_controller@ip-172-31-56-84"} 1 0.803616273229533 0.0 1.9234948049544076 0.6012024048096193 1.2623486048820134 2
stats: {load,"tsung_controller@ip-172-31-56-84"} 1 0.0 0.0 0.0 0.0 0.0 2
stats: {freemem,"tsung_controller@ip-172-31-56-84"} 1 694.57421875 0.0 700.35546875 694.57421875 699.314453125 2
stats: session 51 2994.799901960784 1975.206284590373 10041.971 327.595 1907.5237954545453 44
stats: users_count 65 122
stats: finish_users_count 51 95
stats: connect 64 1.3191718750000003 0.7909212696811133 6.299 0.961 1.444648148148148 54
stats: 302 55 97
stats: page 110 578.9455818181815 450.0764890680528 2131.614 96.784 161.94489247311833 93
stats: 200 233 433
stats: size_rcv 25590720 45552977
stats: newphase 1 2
stats: size_sent 141077 253465
stats: connected 12 25
stats: request 289 233.5615432525952 271.47456293291714 1361.114 5.359 62.67193775933609 241
# stats: dump at 1636741954
stats: users 152 152
stats: {cpu,"tsung_controller@ip-172-31-56-84"} 1 2.553830746119179 0.0 2.553830746119179 0.6012024048096193 1.10943782766452 3
stats: {load,"tsung_controller@ip-172-31-56-84"} 1 0.0 0.0 0.0 0.0 0.0 3
stats: {freemem,"tsung_controller@ip-172-31-56-84"} 1 682.41796875 0.0 700.35546875 682.41796875 697.734375 3
stats: session 39 5452.0327179487185 2495.2487140644625 10849.462 327.595 2491.219389473684 95
stats: users_count 164 286
stats: finish_users_count 39 134
stats: request 380 1071.7880131578943 921.7877448110352 4220.583 5.359 155.85513773584904 530
stats: connect 158 1.273993670886076 0.6229423393764391 6.299 0.884 1.376593220338983 118
stats: page 112 2364.457089285714 1363.8718040273814 5806.719 96.784 387.905857142857 203
stats: 302 53 150
stats: 200 327 760
stats: size_rcv 29446041 74999018
stats: newphase 1 3
stats: size_sent 202809 456274
stats: connected 121 146
# stats: dump at 1636741964
stats: users 129 161
stats: {cpu,"tsung_controller@ip-172-31-56-84"} 1 2.5201612903225805 0.0 2.553830746119179 0.6012024048096193 1.470536057278185 4
stats: {load,"tsung_controller@ip-172-31-56-84"} 1 0.0 0.0 0.0 0.0 0.0 4
stats: {freemem,"tsung_controller@ip-172-31-56-84"} 1 643.49609375 0.0 700.35546875 643.49609375 693.9052734375 4
stats: session 32 12863.987312499998 2180.452766029964 16689.969 327.595 3352.948641791045 134
stats: users_count 9 295
stats: finish_users_count 32 166
stats: connect 19 1.2333157894736841 0.3100984652844078 6.299 0.884 1.3178586956521738 276
stats: 302 39 189
stats: request 284 4143.3273028169015 1677.886762421351 7693.304 5.359 538.332602197802 910
stats: 200 246 1006
stats: size_rcv 31657982 106657000
stats: newphase 0 3
stats: page 113 8586.171654867254 1733.8305533585121 11251.127 96.784 1090.6796285714283 315
stats: size_sent 141260 597534
stats: connected -17 129
# stats: dump at 1636741974
stats: users 26 161
stats: {cpu,"tsung_controller@ip-172-31-56-84"} 1 1.6641452344931922 0.0 2.553830746119179 0.6012024048096193 1.680461103887064 5
stats: {load,"tsung_controller@ip-172-31-56-84"} 1 0.0 0.0 0.0 0.0 0.0 5
stats: {freemem,"tsung_controller@ip-172-31-56-84"} 1 621.9375 0.0 700.35546875 621.9375 683.8234375 5
stats: session 103 18631.474398058253 1442.9120832482818 22534.346 327.595 5186.401879518072 166
stats: users_count 0 295
stats: finish_users_count 103 269
stats: request 244 4112.835586065576 1579.7704585844951 7887.744 5.359 1395.8020284757117 1194
stats: connect 0 0 0 6.299 0.884 1.3124135593220339 295
stats: page 132 9527.758674242426 1646.9887494280256 12605.716 96.784 3069.6296261682232 428
stats: 302 99 288
stats: 200 144 1150
stats: size_rcv 31133669 137790669
stats: newphase 0 3
stats: size_sent 105743 703277
stats: connected -99 30
# stats: dump at 1636741980
stats: users 0 161
stats: {cpu,"tsung_controller@ip-172-31-56-84"} 1 2.206619859578736 0.0 2.553830746119179 0.6012024048096193 1.6777417923214186 6
stats: {load,"tsung_controller@ip-172-31-56-84"} 1 0.0 0.0 0.0 0.0 0.0 6
stats: {freemem,"tsung_controller@ip-172-31-56-84"} 1 664.24609375 0.0 700.35546875 621.9375 673.5091145833334 6
stats: session 26 22036.13926923077 1202.4818597088004 25387.937 327.595 10334.515148698885 269
stats: users_count 0 295
stats: finish_users_count 26 295
stats: request 37 3142.8860810810806 1118.2805983176322 7887.744 5.359 1856.8285848400558 1438
stats: page 30 7166.9567 1511.6936017245941 12605.716 96.784 4591.902901785715 560
stats: connect 0 0 0 6.299 0.884 1.3124135593220339 295
stats: 302 7 295
stats: 200 30 1180
stats: size_rcv 8704489 146495158
stats: newphase 0 3
stats: size_sent 4437 707714
stats: connected -30 0
EndMonitor:{1636,741980,660277}
